<?xml version="1.0" encoding="UTF-8"?>
<testng-results skipped="0" failed="0" ignored="1" total="2" passed="1">
  <reporter-output>
  </reporter-output>
  <suite name="Default suite" duration-ms="15224" started-at="2020-09-26T12:59:43 IST" finished-at="2020-09-26T12:59:59 IST">
    <groups>
    </groups>
    <test name="Default test" duration-ms="15224" started-at="2020-09-26T12:59:43 IST" finished-at="2020-09-26T12:59:59 IST">
      <class name="com.crm.qa.testcases.LoginPageTest">
        <test-method status="PASS" signature="setUp()[pri:0, instance:com.crm.qa.testcases.LoginPageTest@4b1c1ea0]" name="setUp" is-config="true" duration-ms="14298" started-at="2020-09-26T12:59:43 IST" finished-at="2020-09-26T12:59:58 IST">
          <reporter-output>
          </reporter-output>
        </test-method> <!-- setUp -->
        <test-method status="PASS" signature="loginPageTitleTest()[pri:1, instance:com.crm.qa.testcases.LoginPageTest@4b1c1ea0]" name="loginPageTitleTest" duration-ms="23" started-at="2020-09-26T12:59:58 IST" finished-at="2020-09-26T12:59:58 IST">
          <reporter-output>
          </reporter-output>
        </test-method> <!-- loginPageTitleTest -->
        <test-method status="PASS" signature="tearDown()[pri:0, instance:com.crm.qa.testcases.LoginPageTest@4b1c1ea0]" name="tearDown" is-config="true" duration-ms="839" started-at="2020-09-26T12:59:58 IST" finished-at="2020-09-26T12:59:59 IST">
          <reporter-output>
          </reporter-output>
        </test-method> <!-- tearDown -->
      </class> <!-- com.crm.qa.testcases.LoginPageTest -->
    </test> <!-- Default test -->
  </suite> <!-- Default suite -->
</testng-results>
